<?xml version="1.0" encoding="UTF-8"?>
<!-- Generated by org.testng.reporters.JUnitReportReporter -->
<testsuite hostname="VanitasPC" failures="0" tests="1" name="JavaStartSeleniumRozdzial_9.tests.FailedLoginTests" time="3.173" errors="0" timestamp="2022-04-21T12:27:49 CEST" skipped="0">
  <testcase classname="JavaStartSeleniumRozdzial_9.tests.FailedLoginTests" name="asUserTryToLogInWithIncorrectLoginAndPassword" time="3.173"/>
  <system-out/>
</testsuite> <!-- JavaStartSeleniumRozdzial_9.tests.FailedLoginTests -->
