<?xml version="1.0" encoding="UTF-8"?>
<!-- Generated by org.testng.reporters.JUnitReportReporter -->
<testsuite hostname="VanitasPC" failures="0" tests="1" name="JavaStartSeleniumRozdzial_9.tests.FailedLoginTests" time="4.087" errors="0" timestamp="2022-04-19T21:36:18 CEST" skipped="0">
  <testcase classname="JavaStartSeleniumRozdzial_9.tests.FailedLoginTests" name="asUserTryToLogInWithIncorrectLoginAndPassword" time="4.087"/>
  <system-out/>
</testsuite> <!-- JavaStartSeleniumRozdzial_9.tests.FailedLoginTests -->
