<?xml version="1.0" encoding="UTF-8"?>
<!-- Generated by org.testng.reporters.JUnitReportReporter -->
<testsuite hostname="VanitasPC" failures="0" tests="1" name="JavaStartSeleniumRozdzial_9.tests.ShoppingCartTest" time="4.257" errors="0" timestamp="2022-04-24T17:43:30 CEST" skipped="0">
  <testcase classname="JavaStartSeleniumRozdzial_9.tests.ShoppingCartTest" name="asNotLoggedInUserIShallNotProceedToCheckout" time="4.257"/>
  <system-out/>
</testsuite> <!-- JavaStartSeleniumRozdzial_9.tests.ShoppingCartTest -->
