<?xml version="1.0" encoding="UTF-8"?>
<!-- Generated by org.testng.reporters.JUnitReportReporter -->
<testsuite hostname="VanitasPC" failures="0" tests="2" name="JavaStartSelenium.FirstAutomatedTest" time="12.477" errors="0" timestamp="2022-04-10T14:02:51 CEST" skipped="0">
  <testcase classname="JavaStartSelenium.FirstAutomatedTest" name="myFirstTest" time="6.433"/>
  <system-out/>
  <testcase classname="JavaStartSelenium.FirstAutomatedTest" name="myFirstTestEDITED" time="6.044"/>
  <system-out/>
</testsuite> <!-- JavaStartSelenium.FirstAutomatedTest -->
