<?xml version="1.0" encoding="UTF-8"?>
<!-- Generated by org.testng.reporters.JUnitReportReporter -->
<testsuite hostname="VanitasPC" failures="0" tests="1" name="JavaStartSeleniumRozdzial_9.tests.PositiveLoginTests" time="3.508" errors="0" timestamp="2022-04-20T21:20:42 CEST" skipped="0">
  <testcase classname="JavaStartSeleniumRozdzial_9.tests.PositiveLoginTests" name="asUserLoginUsingValidLoginAndPassword" time="3.508"/>
  <system-out/>
</testsuite> <!-- JavaStartSeleniumRozdzial_9.tests.PositiveLoginTests -->
