<?xml version="1.0" encoding="UTF-8"?>
<!-- Generated by org.testng.reporters.JUnitReportReporter -->
<testsuite hostname="VanitasPC" failures="0" tests="1" name="JavaStartSelenium.ThirdXPathExerciseTest" time="0.188" errors="0" timestamp="2022-04-10T14:02:51 CEST" skipped="0">
  <testcase classname="JavaStartSelenium.ThirdXPathExerciseTest" name="firstXpathTest" time="0.188"/>
  <system-out/>
</testsuite> <!-- JavaStartSelenium.ThirdXPathExerciseTest -->
