<?xml version="1.0" encoding="UTF-8"?>
<!-- Generated by org.testng.reporters.JUnitReportReporter -->
<testsuite hostname="VanitasPC" failures="0" tests="1" name="JavaStartSeleniumRozdzial_9.tests.ShoppingCartTest" time="3.852" errors="0" timestamp="2022-04-24T15:16:31 CEST" skipped="0">
  <testcase classname="JavaStartSeleniumRozdzial_9.tests.ShoppingCartTest" name="asNotLoggedInUserIShallNotProceedToCheckout" time="3.852"/>
  <system-out/>
</testsuite> <!-- JavaStartSeleniumRozdzial_9.tests.ShoppingCartTest -->
