<?xml version="1.0" encoding="UTF-8"?>
<!-- Generated by org.testng.reporters.JUnitReportReporter -->
<testsuite hostname="VanitasPC" failures="0" tests="3" name="JavaStartSelenium.CalculatorTest" time="0.002" errors="0" timestamp="2022-04-10T14:02:51 CEST" skipped="0">
  <testcase classname="JavaStartSelenium.CalculatorTest" name="sumTwoNumbersAssertFalse" time="0.000"/>
  <system-out/>
  <testcase classname="JavaStartSelenium.CalculatorTest" name="sumTwoNumbersAssertTrue" time="0.000"/>
  <system-out/>
  <testcase classname="JavaStartSelenium.CalculatorTest" name="sumTwoNumbersAssertEquals" time="0.002"/>
  <system-out/>
</testsuite> <!-- JavaStartSelenium.CalculatorTest -->
