<?xml version="1.0" encoding="UTF-8"?>
<!-- Generated by org.testng.reporters.JUnitReportReporter -->
<testsuite hostname="VanitasPC" failures="0" tests="1" name="JavaStartSelenium.FourthLocatorsExerciseTest" time="0.199" errors="0" timestamp="2022-04-10T14:02:51 CEST" skipped="0">
  <testcase classname="JavaStartSelenium.FourthLocatorsExerciseTest" name="firstLocatorTest" time="0.199"/>
  <system-out/>
</testsuite> <!-- JavaStartSelenium.FourthLocatorsExerciseTest -->
