<?xml version="1.0" encoding="UTF-8"?>
<!-- Generated by org.testng.reporters.JUnitReportReporter -->
<testsuite hostname="VanitasPC" failures="0" tests="1" name="JavaStartSelenium.SecondAutomatedTest" time="1.260" errors="0" timestamp="2022-04-10T14:02:51 CEST" skipped="0">
  <testcase classname="JavaStartSelenium.SecondAutomatedTest" name="mySecondTest" time="1.260"/>
  <system-out/>
</testsuite> <!-- JavaStartSelenium.SecondAutomatedTest -->
