<?xml version="1.0" encoding="UTF-8"?>
<!-- Generated by org.testng.reporters.JUnitReportReporter -->
<testsuite hostname="VanitasPC" failures="0" tests="1" name="JavaStartSeleniumRozdzial_9.tests.FailedLoginTests" time="2.157" errors="0" timestamp="2022-04-16T16:34:24 CEST" skipped="0">
  <testcase classname="JavaStartSeleniumRozdzial_9.tests.FailedLoginTests" name="asUserTryToLogInWithIncorrectLoginAndPassword" time="2.157"/>
  <system-out/>
</testsuite> <!-- JavaStartSeleniumRozdzial_9.tests.FailedLoginTests -->
