<?xml version="1.0" encoding="UTF-8"?>
<!-- Generated by org.testng.reporters.JUnitReportReporter -->
<testsuite hostname="VanitasPC" failures="0" tests="1" name="JavaStartSeleniumRozdzial_9.tests.PositiveLoginTests" time="1.552" errors="0" timestamp="2022-04-16T16:34:24 CEST" skipped="0">
  <testcase classname="JavaStartSeleniumRozdzial_9.tests.PositiveLoginTests" name="asUserLoginUsingValidLoginAndPassword" time="1.552"/>
  <system-out/>
</testsuite> <!-- JavaStartSeleniumRozdzial_9.tests.PositiveLoginTests -->
