<?xml version="1.0" encoding="UTF-8"?>
<!-- Generated by org.testng.reporters.JUnitReportReporter -->
<testsuite hostname="VanitasPC" failures="0" tests="1" name="JavaStartSeleniumRozdzial_9.tests.FailedLoginTests" time="1.874" errors="0" timestamp="2022-04-10T14:02:51 CEST" skipped="0">
  <testcase classname="JavaStartSeleniumRozdzial_9.tests.FailedLoginTests" name="asUserTryToLogInWithIncorrectLoginAndPassword" time="1.874"/>
  <system-out/>
</testsuite> <!-- JavaStartSeleniumRozdzial_9.tests.FailedLoginTests -->
